<?xml version="1.0" encoding="UTF-8"?>
<testng-results ignored="0" total="7" passed="6" failed="1" skipped="0">
  <reporter-output>
  </reporter-output>
  <suite started-at="2022-03-11T17:34:34 IST" name="Suite " finished-at="2022-03-11T17:35:19 IST" duration-ms="45002">
    <groups>
    </groups>
    <test started-at="2022-03-11T17:34:34 IST" name="Login Test" finished-at="2022-03-11T17:35:02 IST" duration-ms="28024">
      <class name="testCases.Logintestcases">
        <test-method signature="Logintestcase()[pri:1, instance:testCases.Logintestcases@4d5650ae]" started-at="2022-03-11T17:34:34 IST" name="Logintestcase" finished-at="2022-03-11T17:35:01 IST" duration-ms="26737" status="PASS">
          <reporter-output>
          </reporter-output>
        </test-method> <!-- Logintestcase -->
        <test-method is-config="true" signature="teardown()[pri:0, instance:testCases.Logintestcases@4d5650ae]" started-at="2022-03-11T17:35:01 IST" name="teardown" finished-at="2022-03-11T17:35:02 IST" duration-ms="1181" status="PASS">
          <reporter-output>
          </reporter-output>
        </test-method> <!-- teardown -->
      </class> <!-- testCases.Logintestcases -->
    </test> <!-- Login Test -->
    <test started-at="2022-03-11T17:35:02 IST" name="Search And filter the product" finished-at="2022-03-11T17:35:18 IST" duration-ms="15774">
      <class name="testCases.Searchproduct">
        <test-method signature="searchproducts()[pri:2, instance:testCases.Searchproduct@449a4f23]" started-at="2022-03-11T17:35:02 IST" name="searchproducts" finished-at="2022-03-11T17:35:13 IST" duration-ms="10947" status="PASS">
          <reporter-output>
          </reporter-output>
        </test-method> <!-- searchproducts -->
        <test-method signature="colourfilter()[pri:3, instance:testCases.Searchproduct@449a4f23]" started-at="2022-03-11T17:35:13 IST" name="colourfilter" finished-at="2022-03-11T17:35:15 IST" duration-ms="1589" status="PASS">
          <reporter-output>
          </reporter-output>
        </test-method> <!-- colourfilter -->
        <test-method signature="fabricfiltercheckbox()[pri:4, instance:testCases.Searchproduct@449a4f23]" started-at="2022-03-11T17:35:15 IST" name="fabricfiltercheckbox" finished-at="2022-03-11T17:35:16 IST" duration-ms="1668" status="PASS">
          <reporter-output>
          </reporter-output>
        </test-method> <!-- fabricfiltercheckbox -->
        <test-method signature="pricefilterslider()[pri:5, instance:testCases.Searchproduct@449a4f23]" started-at="2022-03-11T17:35:16 IST" name="pricefilterslider" finished-at="2022-03-11T17:35:18 IST" duration-ms="1080" status="PASS">
          <reporter-output>
          </reporter-output>
        </test-method> <!-- pricefilterslider -->
        <test-method signature="sortbyproduct()[pri:6, instance:testCases.Searchproduct@449a4f23]" started-at="2022-03-11T17:35:18 IST" name="sortbyproduct" finished-at="2022-03-11T17:35:18 IST" duration-ms="311" status="PASS">
          <reporter-output>
          </reporter-output>
        </test-method> <!-- sortbyproduct -->
        <test-method is-config="true" signature="teardown()[pri:0, instance:testCases.Searchproduct@449a4f23]" started-at="2022-03-11T17:35:18 IST" name="teardown" finished-at="2022-03-11T17:35:18 IST" duration-ms="158" status="PASS">
          <reporter-output>
          </reporter-output>
        </test-method> <!-- teardown -->
      </class> <!-- testCases.Searchproduct -->
    </test> <!-- Search And filter the product -->
    <test started-at="2022-03-11T17:35:18 IST" name="PurchaseproductAndCheckout" finished-at="2022-03-11T17:35:19 IST" duration-ms="1102">
      <class name="testCases.PurchaseproductTest">
        <test-method is-config="true" signature="launchbrowser()[pri:0, instance:testCases.PurchaseproductTest@27406a17]" started-at="2022-03-11T17:34:04 IST" name="launchbrowser" finished-at="2022-03-11T17:34:34 IST" duration-ms="30517" status="PASS">
          <reporter-output>
          </reporter-output>
        </test-method> <!-- launchbrowser -->
        <test-method signature="addtocartAndcheckout()[pri:7, instance:testCases.PurchaseproductTest@27406a17]" started-at="2022-03-11T17:35:18 IST" name="addtocartAndcheckout" finished-at="2022-03-11T17:35:19 IST" duration-ms="1036" status="FAIL">
          <exception class="org.openqa.selenium.ElementNotInteractableException">
            <message>
              <![CDATA[element not interactable
  (Session info: chrome=99.0.4844.51)
Build info: version: '4.1.1', revision: 'e8fcc2cecf'
System info: host: 'LAPTOP-BBU2DEAQ', ip: '192.168.13.123', os.name: 'Windows 10', os.arch: 'amd64', os.version: '10.0', java.version: '11.0.14'
Driver info: org.openqa.selenium.chrome.ChromeDriver
Command: [1b11e0b3cc0c395d5bf06538b5ff239e, clickElement {id=d3557193-c03e-4bdf-8774-b4a26ed3a442}]
Capabilities {acceptInsecureCerts: false, browserName: chrome, browserVersion: 99.0.4844.51, chrome: {chromedriverVersion: 98.0.4758.102 (273bf7ac8c90..., userDataDir: C:\Users\civil\AppData\Loca...}, goog:chromeOptions: {debuggerAddress: localhost:51817}, javascriptEnabled: true, networkConnectionEnabled: false, pageLoadStrategy: normal, platform: WINDOWS, platformName: WINDOWS, proxy: Proxy(), se:cdp: ws://localhost:51817/devtoo..., se:cdpVersion: 99.0.4844.51, setWindowRect: true, strictFileInteractability: false, timeouts: {implicit: 0, pageLoad: 300000, script: 30000}, unhandledPromptBehavior: dismiss and notify, webauthn:extension:credBlob: true, webauthn:extension:largeBlob: true, webauthn:virtualAuthenticators: true}
Element: [[ChromeDriver: chrome on WINDOWS (1b11e0b3cc0c395d5bf06538b5ff239e)] -> xpath: //a[@class='btn btn-default button button-medium']]
Session ID: 1b11e0b3cc0c395d5bf06538b5ff239e]]>
            </message>
            <full-stacktrace>
              <![CDATA[org.openqa.selenium.ElementNotInteractableException: element not interactable
  (Session info: chrome=99.0.4844.51)
Build info: version: '4.1.1', revision: 'e8fcc2cecf'
System info: host: 'LAPTOP-BBU2DEAQ', ip: '192.168.13.123', os.name: 'Windows 10', os.arch: 'amd64', os.version: '10.0', java.version: '11.0.14'
Driver info: org.openqa.selenium.chrome.ChromeDriver
Command: [1b11e0b3cc0c395d5bf06538b5ff239e, clickElement {id=d3557193-c03e-4bdf-8774-b4a26ed3a442}]
Capabilities {acceptInsecureCerts: false, browserName: chrome, browserVersion: 99.0.4844.51, chrome: {chromedriverVersion: 98.0.4758.102 (273bf7ac8c90..., userDataDir: C:\Users\civil\AppData\Loca...}, goog:chromeOptions: {debuggerAddress: localhost:51817}, javascriptEnabled: true, networkConnectionEnabled: false, pageLoadStrategy: normal, platform: WINDOWS, platformName: WINDOWS, proxy: Proxy(), se:cdp: ws://localhost:51817/devtoo..., se:cdpVersion: 99.0.4844.51, setWindowRect: true, strictFileInteractability: false, timeouts: {implicit: 0, pageLoad: 300000, script: 30000}, unhandledPromptBehavior: dismiss and notify, webauthn:extension:credBlob: true, webauthn:extension:largeBlob: true, webauthn:virtualAuthenticators: true}
Element: [[ChromeDriver: chrome on WINDOWS (1b11e0b3cc0c395d5bf06538b5ff239e)] -> xpath: //a[@class='btn btn-default button button-medium']]
Session ID: 1b11e0b3cc0c395d5bf06538b5ff239e
at java.base/jdk.internal.reflect.NativeConstructorAccessorImpl.newInstance0(Native Method)
at java.base/jdk.internal.reflect.NativeConstructorAccessorImpl.newInstance(NativeConstructorAccessorImpl.java:62)
at java.base/jdk.internal.reflect.DelegatingConstructorAccessorImpl.newInstance(DelegatingConstructorAccessorImpl.java:45)
at java.base/java.lang.reflect.Constructor.newInstance(Constructor.java:490)
at org.openqa.selenium.remote.codec.w3c.W3CHttpResponseCodec.createException(W3CHttpResponseCodec.java:200)
at org.openqa.selenium.remote.codec.w3c.W3CHttpResponseCodec.decode(W3CHttpResponseCodec.java:133)
at org.openqa.selenium.remote.codec.w3c.W3CHttpResponseCodec.decode(W3CHttpResponseCodec.java:53)
at org.openqa.selenium.remote.HttpCommandExecutor.execute(HttpCommandExecutor.java:184)
at org.openqa.selenium.remote.service.DriverCommandExecutor.invokeExecute(DriverCommandExecutor.java:167)
at org.openqa.selenium.remote.service.DriverCommandExecutor.execute(DriverCommandExecutor.java:142)
at org.openqa.selenium.remote.RemoteWebDriver.execute(RemoteWebDriver.java:543)
at org.openqa.selenium.remote.RemoteWebElement.execute(RemoteWebElement.java:251)
at org.openqa.selenium.remote.RemoteWebElement.click(RemoteWebElement.java:77)
at java.base/jdk.internal.reflect.NativeMethodAccessorImpl.invoke0(Native Method)
at java.base/jdk.internal.reflect.NativeMethodAccessorImpl.invoke(NativeMethodAccessorImpl.java:62)
at java.base/jdk.internal.reflect.DelegatingMethodAccessorImpl.invoke(DelegatingMethodAccessorImpl.java:43)
at java.base/java.lang.reflect.Method.invoke(Method.java:566)
at org.openqa.selenium.support.pagefactory.internal.LocatingElementHandler.invoke(LocatingElementHandler.java:52)
at com.sun.proxy.$Proxy17.click(Unknown Source)
at testCases.PurchaseproductTest.addtocartAndcheckout(PurchaseproductTest.java:71)
at java.base/jdk.internal.reflect.NativeMethodAccessorImpl.invoke0(Native Method)
at java.base/jdk.internal.reflect.NativeMethodAccessorImpl.invoke(NativeMethodAccessorImpl.java:62)
at java.base/jdk.internal.reflect.DelegatingMethodAccessorImpl.invoke(DelegatingMethodAccessorImpl.java:43)
at java.base/java.lang.reflect.Method.invoke(Method.java:566)
at org.testng.internal.MethodInvocationHelper.invokeMethod(MethodInvocationHelper.java:133)
at org.testng.internal.TestInvoker.invokeMethod(TestInvoker.java:598)
at org.testng.internal.TestInvoker.invokeTestMethod(TestInvoker.java:173)
at org.testng.internal.MethodRunner.runInSequence(MethodRunner.java:46)
at org.testng.internal.TestInvoker$MethodInvocationAgent.invoke(TestInvoker.java:824)
at org.testng.internal.TestInvoker.invokeTestMethods(TestInvoker.java:146)
at org.testng.internal.TestMethodWorker.invokeTestMethods(TestMethodWorker.java:146)
at org.testng.internal.TestMethodWorker.run(TestMethodWorker.java:128)
at java.base/java.util.ArrayList.forEach(ArrayList.java:1541)
at org.testng.TestRunner.privateRun(TestRunner.java:794)
at org.testng.TestRunner.run(TestRunner.java:596)
at org.testng.SuiteRunner.runTest(SuiteRunner.java:377)
at org.testng.SuiteRunner.runSequentially(SuiteRunner.java:371)
at org.testng.SuiteRunner.privateRun(SuiteRunner.java:332)
at org.testng.SuiteRunner.run(SuiteRunner.java:276)
at org.testng.SuiteRunnerWorker.runSuite(SuiteRunnerWorker.java:53)
at org.testng.SuiteRunnerWorker.run(SuiteRunnerWorker.java:96)
at org.testng.TestNG.runSuitesSequentially(TestNG.java:1212)
at org.testng.TestNG.runSuitesLocally(TestNG.java:1134)
at org.testng.TestNG.runSuites(TestNG.java:1063)
at org.testng.TestNG.run(TestNG.java:1031)
at org.testng.remote.AbstractRemoteTestNG.run(AbstractRemoteTestNG.java:115)
at org.testng.remote.RemoteTestNG.initAndRun(RemoteTestNG.java:251)
at org.testng.remote.RemoteTestNG.main(RemoteTestNG.java:77)
]]>
            </full-stacktrace>
          </exception> <!-- org.openqa.selenium.ElementNotInteractableException -->
          <reporter-output>
          </reporter-output>
        </test-method> <!-- addtocartAndcheckout -->
        <test-method is-config="true" signature="teardown()[pri:0, instance:testCases.PurchaseproductTest@27406a17]" started-at="2022-03-11T17:35:19 IST" name="teardown" finished-at="2022-03-11T17:35:19 IST" duration-ms="51" status="PASS">
          <reporter-output>
          </reporter-output>
        </test-method> <!-- teardown -->
      </class> <!-- testCases.PurchaseproductTest -->
    </test> <!-- PurchaseproductAndCheckout -->
  </suite> <!-- Suite  -->
</testng-results>
